25.06
0.06	50	0.00
0.08	50	0.00
0.09	50	0.06
0.11	50	0.00
0.13	50	0.00
0.14	50	0.06
0.16	50	0.00
0.18	50	0.06
0.19	50	0.06
0.21	50	0.06
0.23	50	0.00
0.24	50	0.06
0.26	50	0.06
0.28	50	0.06
0.29	50	0.06
0.31	50	0.06
0.33	50	0.06
0.34	50	0.06
0.36	50	0.06
0.38	50	0.06
0.39	50	0.12
0.41	50	0.12
0.43	50	0.12
0.44	50	0.06
0.46	50	0.06
0.48	50	0.12
0.49	50	0.19
0.51	50	0.19
0.53	50	0.19
0.54	50	0.19
0.56	50	0.19
0.58	50	0.19
0.59	50	0.25
0.61	50	0.25
0.63	50	0.25
0.64	50	0.25
0.66	50	0.25
0.68	50	0.25
0.69	50	0.25
0.71	50	0.31
0.73	50	0.31
0.74	50	0.31
0.76	50	0.31
0.78	50	0.31
0.79	50	0.37
0.81	50	0.37
0.83	50	0.37
0.84	50	0.44
0.86	50	0.44
0.88	50	0.44
0.89	50	0.44
0.91	50	0.44
0.93	50	0.50
0.94	50	0.50
0.96	50	0.50
0.98	50	0.56
0.99	50	0.56
1.01	50	0.56
1.03	50	0.56
1.04	50	0.56
1.06	50	0.56
1.08	50	0.63
1.09	50	0.63
1.11	50	0.63
1.13	50	0.63
1.14	50	0.69
1.16	50	0.69
1.18	50	0.69
1.19	50	0.75
1.21	50	0.75
1.23	50	0.81
1.24	50	0.75
1.26	50	0.81
1.28	50	0.81
1.29	50	0.88
1.31	50	0.88
1.33	50	0.88
1.34	50	0.94
1.36	50	0.88
1.38	50	0.94
1.39	50	0.94
1.41	50	1.00
1.43	50	1.00
1.44	50	1.06
1.46	50	1.06
1.48	50	1.06
1.49	50	1.06
1.51	50	1.12
1.53	50	1.12
1.54	50	1.12
1.56	50	1.12
1.58	50	1.19
1.59	50	1.19
1.61	50	1.19
1.63	50	1.25
1.64	50	1.25
1.66	50	1.25
1.68	50	1.25
1.69	50	1.37
1.71	50	1.31
1.73	50	1.31
1.74	50	1.37
1.76	50	1.37
1.78	50	1.44
1.79	50	1.44
1.81	50	1.44
1.83	50	1.44
1.84	50	1.50
1.86	50	1.50
1.88	50	1.56
1.89	50	1.56
1.91	50	1.56
1.93	50	1.63
1.94	50	1.63
1.96	50	1.63
1.98	50	1.69
1.99	50	1.69
2.01	50	1.69
2.03	50	1.69
2.04	50	1.75
2.06	50	1.75
2.08	50	1.81
2.09	50	1.81
2.11	50	1.81
2.13	50	1.88
2.14	50	1.88
2.16	50	1.88
2.18	50	1.94
2.19	50	1.94
2.21	50	1.94
2.23	50	1.94
2.24	50	1.94
2.26	50	2.00
2.28	50	2.06
2.29	50	2.00
2.31	50	2.06
2.33	50	2.06
2.34	50	2.13
2.36	50	2.13
2.38	50	2.19
2.39	50	2.19
2.41	50	2.19
2.43	50	2.25
2.44	50	2.19
2.46	50	2.25
2.48	50	2.25
2.49	50	2.31
2.51	50	2.25
2.53	50	2.31
2.54	50	2.38
2.56	50	2.38
2.58	50	2.38
2.59	50	2.38
2.61	50	2.44
2.63	50	2.44
2.64	50	2.44
2.66	50	2.50
2.68	50	2.50
2.69	50	2.56
2.71	50	2.56
2.73	50	2.63
2.74	50	2.56
2.76	50	2.63
2.78	50	2.63
2.79	50	2.69
2.81	50	2.69
2.83	50	2.69
2.84	50	2.75
2.86	50	2.75
2.88	50	2.75
2.89	50	2.81
2.91	50	2.81
2.93	50	2.81
2.94	50	2.88
2.96	50	2.88
2.98	50	2.88
2.99	50	2.94
3.01	50	2.94
3.03	50	2.94
3.04	50	2.94
3.06	50	3.00
3.08	50	3.00
3.09	50	3.06
3.11	50	3.06
3.13	50	3.06
3.14	50	3.06
3.16	50	3.13
3.18	50	3.13
3.19	50	3.13
3.21	50	3.19
3.23	50	3.19
3.24	50	3.19
3.26	0	3.25
3.28	0	3.25
3.29	0	3.25
3.31	0	3.31
3.33	0	3.31
3.34	0	3.31
3.36	0	3.31
3.38	0	3.31
3.39	0	3.44
3.41	0	3.38
3.43	0	3.38
3.44	0	3.38
3.46	0	3.44
3.48	0	3.44
3.49	0	3.44
3.51	0	3.44
3.53	0	3.50
3.54	0	3.50
3.56	0	3.56
3.58	0	3.56
3.59	0	3.56
3.61	0	3.56
3.63	0	3.63
3.64	0	3.56
3.66	0	3.63
3.68	0	3.63
3.69	0	3.63
3.71	0	3.63
3.73	0	3.63
3.74	0	3.69
3.76	0	3.69
3.78	0	3.69
3.79	0	3.69
3.81	0	3.69
3.83	0	3.69
3.84	0	3.69
3.86	0	3.69
3.88	0	3.75
3.89	0	3.69
3.91	0	3.69
3.93	0	3.75
3.94	0	3.69
3.96	0	3.75
3.98	0	3.75
3.99	0	3.75
4.01	0	3.75
4.03	0	3.75
4.04	0	3.75
4.06	0	3.75
4.08	0	3.75
4.09	0	3.75
4.11	0	3.75
4.13	0	3.75
4.14	0	3.81
4.16	0	3.81
4.18	0	3.81
4.19	0	3.81
4.21	0	3.81
4.23	0	3.81
4.24	0	3.81
4.26	0	3.81
4.28	0	3.81
4.29	0	3.81
4.31	0	3.81
4.33	0	3.75
4.34	0	3.81
4.36	0	3.81
4.38	0	3.81
4.39	0	3.81
4.41	0	3.81
4.43	0	3.81
4.44	0	3.81
4.46	0	3.88
4.48	0	3.81
4.49	0	3.88
4.51	0	3.81
4.53	0	3.81
4.54	0	3.81
4.56	0	3.81
4.58	0	3.81
4.59	0	3.81
4.61	0	3.81
4.63	0	3.81
4.64	0	3.81
4.66	0	3.81
4.68	0	3.81
4.69	0	3.81
4.71	0	3.88
4.73	0	3.81
4.74	0	3.88
4.76	0	3.88
4.78	0	3.81
4.79	0	3.81
4.81	0	3.81
4.83	0	3.81
4.84	0	3.81
4.86	0	3.81
4.88	0	3.81
4.89	0	3.75
4.91	0	3.75
4.93	0	3.75
4.94	0	3.81
4.96	0	3.75
4.98	0	3.75
4.99	0	3.81
5.01	0	3.81
5.03	0	3.75
5.04	0	3.75
5.06	0	3.75
5.08	0	3.75
5.09	0	3.75
5.11	0	3.75
5.13	0	3.75
5.14	0	3.75
5.16	0	3.75
5.18	0	3.75
5.19	0	3.75
5.21	0	3.75
5.23	0	3.75
5.24	0	3.69
5.26	0	3.69
5.28	0	3.69
5.29	0	3.69
5.31	0	3.69
5.33	0	3.69
5.34	0	3.69
5.36	0	3.69
5.38	0	3.69
5.39	0	3.69
5.41	0	3.63
5.43	0	3.69
5.44	0	3.63
5.46	0	3.63
5.48	0	3.63
5.49	0	3.63
5.51	0	3.63
5.53	0	3.63
5.54	0	3.63
5.56	0	3.63
5.58	0	3.63
5.59	0	3.63
5.61	0	3.63
5.63	0	3.56
5.64	0	3.56
5.66	0	3.56
5.68	0	3.56
5.69	0	3.50
5.71	0	3.56
5.73	0	3.50
5.74	0	3.56
5.76	0	3.50
5.78	0	3.50
5.79	0	3.50
5.81	0	3.50
5.83	0	3.50
5.84	0	3.50
5.86	0	3.50
5.88	0	3.50
5.89	0	3.44
5.91	0	3.50
5.93	0	3.44
5.94	0	3.44
5.96	0	3.44
5.98	0	3.44
5.99	0	3.44
6.01	0	3.44
6.03	0	3.44
6.04	0	3.44
6.06	0	3.50
6.08	0	3.44
6.09	0	3.44
6.11	0	3.44
6.13	0	3.44
6.14	0	3.38
6.16	0	3.38
6.18	0	3.38
6.19	0	3.38
6.21	0	3.38
6.23	0	3.38
6.24	0	3.38
6.26	0	3.38
6.28	0	3.31
6.29	0	3.31
6.31	0	3.31
6.33	0	3.31
6.34	0	3.31
6.36	0	3.31
6.38	0	3.31
6.39	0	3.31
6.41	0	3.31
6.43	0	3.31
6.44	0	3.25
6.46	0	3.25
6.48	0	3.25
6.49	0	3.25
6.51	0	3.25
6.53	0	3.19
6.54	0	3.19
6.56	0	3.19
6.58	0	3.19
6.59	0	3.19
6.61	0	3.19
6.63	0	3.19
6.64	0	3.13
6.66	0	3.19
6.68	0	3.13
6.69	0	3.13
6.71	0	3.13
6.73	0	3.13
6.74	0	3.13
6.76	0	3.13
6.78	0	3.06
6.79	0	3.13
6.81	0	3.13
6.83	0	3.06
6.84	0	3.13
6.86	0	3.06
6.88	0	3.06
6.89	0	3.06
6.91	0	3.06
6.93	0	3.06
6.94	0	3.06
6.96	0	3.00
6.98	0	3.00
6.99	0	3.00
7.01	0	3.00
7.03	0	3.06
7.04	0	3.00
7.06	0	3.00
7.08	0	3.00
7.09	0	2.94
7.11	0	3.00
7.13	0	3.00
7.14	0	3.00
7.16	0	2.94
7.18	0	2.94
7.19	0	2.94
7.21	0	2.88
7.23	0	2.94
7.24	0	2.94
7.26	0	2.94
7.28	0	2.94
7.29	0	2.94
7.31	0	2.94
7.33	0	2.94
7.34	0	2.88
7.36	0	2.88
7.38	0	2.88
7.39	0	2.88
7.41	0	2.88
7.43	0	2.88
7.44	0	2.81
7.46	0	2.88
7.48	0	2.88
7.49	0	2.81
7.51	0	2.81
7.53	0	2.81
7.54	0	2.81
7.56	0	2.81
7.58	0	2.81
7.59	0	2.81
7.61	0	2.81
7.63	0	2.81
7.64	50	2.75
7.66	50	2.81
7.68	50	2.75
7.69	50	2.75
7.71	50	2.75
7.73	50	2.75
7.74	50	2.75
7.76	50	2.75
7.78	50	2.75
7.79	50	2.75
7.81	50	2.81
7.83	50	2.75
7.84	50	2.75
7.86	50	2.75
7.88	50	2.75
7.89	50	2.69
7.91	50	2.69
7.93	50	2.75
7.94	50	2.69
7.96	50	2.75
7.98	50	2.75
7.99	50	2.75
8.01	50	2.75
8.03	50	2.75
8.04	50	2.75
8.06	50	2.75
8.08	50	2.75
8.09	50	2.75
8.11	50	2.75
8.13	50	2.75
8.14	50	2.75
8.16	50	2.75
8.18	50	2.75
8.19	50	2.75
8.21	50	2.81
8.23	50	2.81
8.24	50	2.81
8.26	50	2.88
8.28	50	2.88
8.29	50	2.81
8.31	50	2.81
8.33	50	2.88
8.34	50	2.88
8.36	50	2.88
8.38	50	2.88
8.39	50	2.88
8.41	50	2.88
8.43	50	2.88
8.44	50	2.94
8.46	50	2.94
8.48	50	2.94
8.49	50	2.94
8.51	50	2.94
8.53	50	3.00
8.54	50	2.94
8.56	50	2.94
8.58	50	3.00
8.59	50	3.00
8.61	50	3.00
8.63	50	3.00
8.64	50	3.00
8.66	50	3.06
8.68	50	3.06
8.69	50	3.06
8.71	50	3.06
8.73	50	3.06
8.74	50	3.06
8.76	50	3.13
8.78	50	3.06
8.79	50	3.13
8.81	50	3.13
8.83	50	3.13
8.84	50	3.13
8.86	50	3.19
8.88	50	3.13
8.89	50	3.19
8.91	50	3.19
8.93	50	3.19
8.94	50	3.19
8.96	0	3.25
8.98	0	3.25
8.99	0	3.25
9.01	0	3.25
9.03	0	3.25
9.04	0	3.31
9.06	0	3.31
9.08	0	3.31
9.09	0	3.31
9.11	0	3.31
9.13	0	3.38
9.14	0	3.38
9.16	0	3.38
9.18	0	3.38
9.19	0	3.38
9.21	0	3.44
9.23	0	3.44
9.24	0	3.44
9.26	0	3.44
9.28	0	3.44
9.29	0	3.44
9.31	0	3.44
9.33	0	3.44
9.34	0	3.50
9.36	0	3.44
9.38	0	3.50
9.39	0	3.50
9.41	0	3.50
9.43	0	3.56
9.44	0	3.56
9.46	0	3.56
9.48	0	3.50
9.49	0	3.50
9.51	0	3.56
9.53	0	3.56
9.54	0	3.56
9.56	0	3.56
9.58	0	3.56
9.59	0	3.56
9.61	0	3.56
9.63	0	3.56
9.64	0	3.56
9.66	0	3.56
9.68	0	3.56
9.69	0	3.56
9.71	0	3.56
9.73	0	3.56
9.74	0	3.56
9.76	0	3.56
9.78	0	3.50
9.79	0	3.56
9.81	0	3.56
9.83	0	3.56
9.84	0	3.63
9.86	0	3.56
9.88	0	3.63
9.89	0	3.56
9.91	0	3.56
9.93	0	3.56
9.94	0	3.56
9.96	0	3.56
9.98	0	3.56
9.99	0	3.56
10.01	0	3.56
10.03	0	3.56
10.04	0	3.56
10.06	0	3.56
10.08	0	3.56
10.09	0	3.56
10.11	0	3.50
10.13	0	3.56
10.14	0	3.63
10.16	0	3.63
10.18	0	3.63
10.19	0	3.63
10.21	0	3.56
10.23	0	3.56
10.24	0	3.56
10.26	0	3.56
10.28	0	3.56
10.29	0	3.56
10.31	0	3.56
10.33	0	3.56
10.34	0	3.56
10.36	0	3.50
10.38	0	3.56
10.39	0	3.56
10.41	0	3.56
10.43	0	3.56
10.44	0	3.56
10.46	0	3.56
10.48	0	3.56
10.49	0	3.56
10.51	0	3.56
10.53	0	3.50
10.54	0	3.56
10.56	0	3.50
10.58	0	3.50
10.59	0	3.50
10.61	0	3.50
10.63	0	3.50
10.64	0	3.50
10.66	0	3.44
10.68	0	3.44
10.69	0	3.50
10.71	0	3.50
10.73	0	3.50
10.74	0	3.44
10.76	0	3.44
10.78	0	3.44
10.79	0	3.50
10.81	0	3.44
10.83	0	3.38
10.84	0	3.44
10.86	0	3.44
10.88	0	3.44
10.89	0	3.44
10.91	0	3.44
10.93	0	3.44
10.94	0	3.38
10.96	0	3.44
10.98	0	3.38
10.99	0	3.38
11.01	0	3.38
11.03	0	3.38
11.04	0	3.38
11.06	0	3.38
11.08	0	3.38
11.09	0	3.38
11.11	0	3.38
11.13	0	3.38
11.14	0	3.38
11.16	0	3.38
11.18	0	3.38
11.19	0	3.31
11.21	0	3.38
11.23	0	3.31
11.24	0	3.31
11.26	0	3.31
11.28	0	3.31
11.29	0	3.38
11.31	0	3.31
11.33	0	3.31
11.34	0	3.31
11.36	0	3.31
11.38	0	3.31
11.39	0	3.31
11.41	0	3.31
11.43	0	3.31
11.44	0	3.31
11.46	0	3.31
11.48	0	3.31
11.49	0	3.31
11.51	0	3.25
11.53	0	3.25
11.54	0	3.25
11.56	0	3.19
11.58	0	3.25
11.59	0	3.25
11.61	0	3.25
11.63	0	3.25
11.64	0	3.25
11.66	0	3.19
11.68	0	3.19
11.69	0	3.19
11.71	0	3.19
11.73	0	3.19
11.74	0	3.19
11.76	0	3.19
11.78	0	3.19
11.79	0	3.13
11.81	0	3.19
11.83	0	3.19
11.84	0	3.13
11.86	0	3.13
11.88	0	3.13
11.89	0	3.13
11.91	0	3.13
11.93	0	3.13
11.94	0	3.06
11.96	0	3.06
11.98	0	3.06
11.99	0	3.06
12.01	0	3.13
12.03	0	3.06
12.04	0	3.06
12.06	0	3.06
12.08	0	3.06
12.09	0	3.06
12.11	0	3.06
12.13	0	3.06
12.14	0	3.00
12.16	0	3.06
12.18	0	3.00
12.19	0	3.06
12.21	0	3.00
12.23	0	3.00
12.24	0	3.00
12.26	0	2.94
12.28	0	3.00
12.29	0	2.94
12.31	0	3.00
12.33	0	3.00
12.34	0	3.00
12.36	0	2.94
12.38	0	2.94
12.39	0	2.94
12.41	0	2.94
12.43	0	2.94
12.44	0	2.94
12.46	0	3.00
12.48	0	2.94
12.49	0	2.94
12.51	0	2.94
12.53	0	2.94
12.54	0	2.88
12.56	0	2.94
12.58	0	2.94
12.59	0	2.94
12.61	0	2.88
12.63	0	2.88
12.64	0	2.88
12.66	0	2.88
12.68	0	2.88
12.69	0	2.88
12.71	0	2.88
12.73	0	2.88
12.74	0	2.88
12.76	0	2.81
12.78	0	2.81
12.79	0	2.81
12.81	0	2.81
12.83	0	2.81
12.84	0	2.81
12.86	0	2.81
12.88	0	2.81
12.89	0	2.81
12.91	50	2.75
12.93	50	2.75
12.94	50	2.75
12.96	50	2.75
12.98	50	2.75
12.99	50	2.81
13.01	50	2.75
13.03	50	2.75
13.04	50	2.75
13.06	50	2.75
13.08	50	2.75
13.09	50	2.75
13.11	50	2.75
13.13	50	2.75
13.14	50	2.75
13.16	50	2.75
13.18	50	2.75
13.19	50	2.75
13.21	50	2.75
13.23	50	2.75
13.24	50	2.75
13.26	50	2.75
13.28	50	2.75
13.29	50	2.75
13.31	50	2.75
13.33	50	2.75
13.34	50	2.81
13.36	50	2.81
13.38	50	2.81
13.39	50	2.81
13.41	50	2.81
13.43	50	2.81
13.44	50	2.81
13.46	50	2.88
13.48	50	2.81
13.49	50	2.88
13.51	50	2.81
13.53	50	2.88
13.54	50	2.88
13.56	50	2.94
13.58	50	2.88
13.59	50	2.88
13.61	50	2.88
13.63	50	2.88
13.64	50	2.94
13.66	50	2.94
13.68	50	2.94
13.69	50	2.94
13.71	50	3.00
13.73	50	3.00
13.74	50	3.00
13.76	50	3.00
13.78	50	3.00
13.79	50	3.00
13.81	50	3.00
13.83	50	3.06
13.84	50	3.06
13.86	50	3.06
13.88	50	3.06
13.89	50	3.06
13.91	50	3.06
13.93	50	3.06
13.94	50	3.06
13.96	50	3.13
13.98	50	3.13
13.99	50	3.13
14.01	50	3.19
14.03	50	3.19
14.04	50	3.19
14.06	50	3.19
14.08	0	3.25
14.09	0	3.19
14.11	0	3.19
14.13	0	3.25
14.14	0	3.25
14.16	0	3.25
14.18	0	3.31
14.19	0	3.31
14.21	0	3.31
14.23	0	3.31
14.24	0	3.31
14.26	0	3.31
14.28	0	3.31
14.29	0	3.38
14.31	0	3.38
14.33	0	3.38
14.34	0	3.38
14.36	0	3.38
14.38	0	3.44
14.39	0	3.44
14.41	0	3.38
14.43	0	3.44
14.44	0	3.44
14.46	0	3.44
14.48	0	3.44
14.49	0	3.44
14.51	0	3.44
14.53	0	3.44
14.54	0	3.44
14.56	0	3.44
14.58	0	3.44
14.59	0	3.44
14.61	0	3.44
14.63	0	3.38
14.64	0	3.44
14.66	0	3.44
14.68	0	3.44
14.69	0	3.50
14.71	0	3.50
14.73	0	3.50
14.74	0	3.50
14.76	0	3.50
14.78	0	3.50
14.79	0	3.50
14.81	0	3.50
14.83	0	3.50
14.84	0	3.50
14.86	0	3.50
14.88	0	3.50
14.89	0	3.50
14.91	0	3.56
14.93	0	3.50
14.94	0	3.50
14.96	0	3.50
14.98	0	3.50
14.99	0	3.50
15.01	0	3.50
15.03	0	3.50
15.04	0	3.50
15.06	0	3.50
15.08	0	3.56
15.09	0	3.50
15.11	0	3.50
15.13	0	3.56
15.14	0	3.50
15.16	0	3.50
15.18	0	3.50
15.19	0	3.50
15.21	0	3.50
15.23	0	3.50
15.24	0	3.50
15.26	0	3.50
15.28	0	3.50
15.29	0	3.50
15.31	0	3.50
15.33	0	3.50
15.34	0	3.56
15.36	0	3.50
15.38	0	3.50
15.39	0	3.50
15.41	0	3.50
15.43	0	3.50
15.44	0	3.50
15.46	0	3.50
15.48	0	3.50
15.49	0	3.50
15.51	0	3.50
15.53	0	3.50
15.54	0	3.50
15.56	0	3.50
15.58	0	3.50
15.59	0	3.50
15.61	0	3.50
15.63	0	3.44
15.64	0	3.50
15.66	0	3.50
15.68	0	3.50
15.69	0	3.50
15.71	0	3.50
15.73	0	3.50
15.74	0	3.44
15.76	0	3.44
15.78	0	3.38
15.79	0	3.44
15.81	0	3.44
15.83	0	3.44
15.84	0	3.50
15.86	0	3.44
15.88	0	3.44
15.89	0	3.44
15.91	0	3.44
15.93	0	3.44
15.94	0	3.44
15.96	0	3.44
15.98	0	3.44
15.99	0	3.44
16.01	0	3.44
16.03	0	3.44
16.04	0	3.44
16.06	0	3.44
16.08	0	3.44
16.09	0	3.44
16.11	0	3.44
16.13	0	3.44
16.14	0	3.38
16.16	0	3.44
16.18	0	3.44
16.19	0	3.44
16.21	0	3.44
16.23	0	3.44
16.24	0	3.44
16.26	0	3.38
16.28	0	3.38
16.29	0	3.44
16.31	0	3.38
16.33	0	3.38
16.34	0	3.38
16.36	0	3.38
16.38	0	3.38
16.39	0	3.31
16.41	0	3.31
16.43	0	3.38
16.44	0	3.31
16.46	0	3.31
16.48	0	3.31
16.49	0	3.31
16.51	0	3.31
16.53	0	3.31
16.54	0	3.31
16.56	0	3.31
16.58	0	3.31
16.59	0	3.31
16.61	0	3.25
16.63	0	3.31
16.64	0	3.31
16.66	0	3.31
16.68	0	3.31
16.69	0	3.25
16.71	0	3.25
16.73	0	3.25
16.74	0	3.25
16.76	0	3.19
16.78	0	3.25
16.79	0	3.19
16.81	0	3.19
16.83	0	3.25
16.84	0	3.19
16.86	0	3.19
16.88	0	3.19
16.89	0	3.13
16.91	0	3.13
16.93	0	3.19
16.94	0	3.13
16.96	0	3.13
16.98	0	3.13
16.99	0	3.13
17.01	0	3.13
17.03	0	3.13
17.04	0	3.13
17.06	0	3.13
17.08	0	3.06
17.09	0	3.06
17.11	0	3.13
17.13	0	3.13
17.14	0	3.13
17.16	0	3.06
17.18	0	3.06
17.19	0	3.06
17.21	0	3.06
17.23	0	3.06
17.24	0	3.06
17.26	0	3.06
17.28	0	3.00
17.29	0	3.00
17.31	0	3.06
17.33	0	3.00
17.34	0	3.06
17.36	0	3.00
17.38	0	3.00
17.39	0	3.00
17.41	0	2.94
17.43	0	2.94
17.44	0	3.00
17.46	0	2.94
17.48	0	2.94
17.49	0	2.94
17.51	0	3.00
17.53	0	2.94
17.54	0	2.94
17.56	0	2.94
17.58	0	2.94
17.59	0	2.94
17.61	0	2.94
17.63	0	2.94
17.64	0	2.94
17.66	0	2.94
17.68	0	2.94
17.69	0	2.88
17.71	0	2.88
17.73	0	2.88
17.74	0	2.88
17.76	0	2.88
17.78	0	2.88
17.79	0	2.88
17.81	0	2.88
17.83	0	2.88
17.84	0	2.81
17.86	0	2.81
17.88	0	2.81
17.89	0	2.81
17.91	0	2.81
17.93	0	2.81
17.94	0	2.81
17.96	50	2.75
17.98	50	2.81
17.99	50	2.81
18.01	50	2.75
18.03	50	2.81
18.04	50	2.81
18.06	50	2.75
18.08	50	2.75
18.09	50	2.75
18.11	50	2.75
18.13	50	2.75
18.14	50	2.75
18.16	50	2.75
18.18	50	2.75
18.19	50	2.75
18.21	50	2.75
18.23	50	2.81
18.24	50	2.75
18.26	50	2.81
18.28	50	2.75
18.29	50	2.75
18.31	50	2.75
18.33	50	2.81
18.34	50	2.75
18.36	50	2.81
18.38	50	2.75
18.39	50	2.81
18.41	50	2.75
18.43	50	2.81
18.44	50	2.81
18.46	50	2.81
18.48	50	2.81
18.49	50	2.81
18.51	50	2.81
18.53	50	2.88
18.54	50	2.81
18.56	50	2.81
18.58	50	2.81
18.59	50	2.81
18.61	50	2.88
18.63	50	2.88
18.64	50	2.88
18.66	50	2.88
18.68	50	2.88
18.69	50	2.94
18.71	50	2.94
18.73	50	2.94
18.74	50	2.94
18.76	50	2.94
18.78	50	2.94
18.79	50	3.00
18.81	50	2.94
18.83	50	2.94
18.84	50	3.00
18.86	50	3.00
18.88	50	3.00
18.89	50	3.00
18.91	50	3.06
18.93	50	3.06
18.94	50	3.06
18.96	50	3.06
18.98	50	3.06
18.99	50	3.06
19.01	50	3.13
19.03	50	3.13
19.04	50	3.13
19.06	50	3.13
19.08	50	3.13
19.09	50	3.13
19.11	50	3.13
19.13	50	3.19
19.14	50	3.19
19.16	50	3.19
19.18	50	3.19
19.19	0	3.25
19.21	0	3.25
19.23	0	3.25
19.24	0	3.31
19.26	0	3.31
19.28	0	3.25
19.29	0	3.31
19.31	0	3.31
19.33	0	3.38
19.34	0	3.38
19.36	0	3.31
19.38	0	3.38
19.39	0	3.44
19.41	0	3.38
19.43	0	3.44
19.44	0	3.44
19.46	0	3.44
19.48	0	3.44
19.49	0	3.44
19.51	0	3.44
19.53	0	3.44
19.54	0	3.44
19.56	0	3.44
19.58	0	3.50
19.59	0	3.50
19.61	0	3.56
19.63	0	3.56
19.64	0	3.56
19.66	0	3.56
19.68	0	3.56
19.69	0	3.56
19.71	0	3.56
19.73	0	3.50
19.74	0	3.56
19.76	0	3.56
19.78	0	3.56
19.79	0	3.56
19.81	0	3.63
19.83	0	3.56
19.84	0	3.56
19.86	0	3.56
19.88	0	3.56
19.89	0	3.56
19.91	0	3.56
19.93	0	3.63
19.94	0	3.63
19.96	0	3.63
19.98	0	3.56
19.99	0	3.56
20.01	0	3.63
20.03	0	3.56
20.04	0	3.63
20.06	0	3.63
20.08	0	3.63
20.09	0	3.63
20.11	0	3.63
20.13	0	3.63
20.14	0	3.63
20.16	0	3.63
20.18	0	3.63
20.19	0	3.56
20.21	0	3.56
20.23	0	3.63
20.24	0	3.63
20.26	0	3.63
20.28	0	3.56
20.29	0	3.63
20.31	0	3.63
20.33	0	3.63
20.34	0	3.63
20.36	0	3.56
20.38	0	3.63
20.39	0	3.63
20.41	0	3.56
20.43	0	3.56
20.44	0	3.56
20.46	0	3.56
20.48	0	3.56
20.49	0	3.56
20.51	0	3.56
20.53	0	3.56
20.54	0	3.56
20.56	0	3.56
20.58	0	3.56
20.59	0	3.56
20.61	0	3.50
20.63	0	3.56
20.64	0	3.50
20.66	0	3.56
20.68	0	3.50
20.69	0	3.50
20.71	0	3.56
20.73	0	3.50
20.74	0	3.50
20.76	0	3.56
20.78	0	3.50
20.79	0	3.50
20.81	0	3.50
20.83	0	3.50
20.84	0	3.50
20.86	0	3.44
20.88	0	3.50
20.89	0	3.44
20.91	0	3.50
20.93	0	3.50
20.94	0	3.50
20.96	0	3.50
20.98	0	3.44
20.99	0	3.50
21.01	0	3.44
21.03	0	3.44
21.04	0	3.44
21.06	0	3.44
21.08	0	3.44
21.09	0	3.44
21.11	0	3.44
21.13	0	3.44
21.14	0	3.44
21.16	0	3.44
21.18	0	3.44
21.19	0	3.44
21.21	0	3.38
21.23	0	3.38
21.24	0	3.38
21.26	0	3.38
21.28	0	3.44
21.29	0	3.44
21.31	0	3.38
21.33	0	3.38
21.34	0	3.38
21.36	0	3.38
21.38	0	3.38
21.39	0	3.44
21.41	0	3.38
21.43	0	3.31
21.44	0	3.31
21.46	0	3.38
21.48	0	3.38
21.49	0	3.38
21.51	0	3.31
21.53	0	3.31
21.54	0	3.31
21.56	0	3.31
21.58	0	3.31
21.59	0	3.31
21.61	0	3.25
21.63	0	3.31
21.64	0	3.25
21.66	0	3.31
21.68	0	3.25
21.69	0	3.25
21.71	0	3.25
21.73	0	3.25
21.74	0	3.25
21.76	0	3.25
21.78	0	3.25
21.79	0	3.25
21.81	0	3.25
21.83	0	3.19
21.84	0	3.25
21.86	0	3.19
21.88	0	3.19
21.89	0	3.25
21.91	0	3.19
21.93	0	3.19
21.94	0	3.19
21.96	0	3.19
21.98	0	3.19
21.99	0	3.19
22.01	0	3.19
22.03	0	3.19
22.04	0	3.19
22.06	0	3.19
22.08	0	3.13
22.09	0	3.19
22.11	0	3.19
22.13	0	3.13
22.14	0	3.13
22.16	0	3.13
22.18	0	3.13
22.19	0	3.13
22.21	0	3.13
22.23	0	3.13
22.24	0	3.06
22.26	0	3.13
22.28	0	3.06
22.29	0	3.06
22.31	0	3.13
22.33	0	3.13
22.34	0	3.13
22.36	0	3.06
22.38	0	3.06
22.39	0	3.06
22.41	0	3.06
22.43	0	3.06
22.44	0	3.06
22.46	0	3.06
22.48	0	3.06
22.49	0	3.06
22.51	0	3.00
22.53	0	3.06
22.54	0	3.00
22.56	0	3.00
22.58	0	3.00
22.59	0	3.00
22.61	0	3.00
22.63	0	3.00
22.64	0	3.00
22.66	0	3.06
22.68	0	3.06
22.69	0	3.00
22.71	0	2.94
22.73	0	2.94
22.74	0	2.94
22.76	0	2.94
22.78	0	2.94
22.79	0	2.94
22.81	0	2.88
22.83	0	2.94
22.84	0	2.94
22.86	0	2.94
22.88	0	2.88
22.89	0	2.88
22.91	0	2.88
22.93	0	2.88
22.94	0	2.88
22.96	0	2.88
22.98	0	2.88
22.99	0	2.88
23.01	0	2.81
23.03	0	2.88
23.04	0	2.88
23.06	0	2.88
23.08	0	2.88
23.09	0	2.81
23.11	0	2.81
23.13	0	2.81
23.14	0	2.81
23.16	0	2.81
23.18	0	2.81
23.19	0	2.81
23.21	0	2.81
23.23	0	2.81
23.24	0	2.81
23.26	0	2.81
23.28	50	2.75
23.29	50	2.75
23.31	50	2.81
23.33	50	2.75
23.34	50	2.75
23.36	50	2.75
23.38	50	2.75
23.39	50	2.75
23.41	50	2.75
23.43	50	2.75
23.44	50	2.75
23.46	50	2.75
23.48	50	2.75
23.49	50	2.75
23.51	50	2.75
23.53	50	2.75
23.54	50	2.69
23.56	50	2.75
23.58	50	2.75
23.59	50	2.75
23.61	50	2.75
23.63	50	2.75
23.64	50	2.75
23.66	50	2.75
23.68	50	2.75
23.69	50	2.75
23.71	50	2.75
23.73	50	2.75
23.74	50	2.75
23.76	50	2.81
23.78	50	2.81
23.79	50	2.75
23.81	50	2.81
23.83	50	2.75
23.84	50	2.81
23.86	50	2.81
23.88	50	2.81
23.89	50	2.81
23.91	50	2.88
23.93	50	2.81
23.94	50	2.88
23.96	50	2.88
23.98	50	2.88
23.99	50	2.94
24.01	50	2.88
24.03	50	2.94
24.04	50	2.88
24.06	50	2.94
24.08	50	2.94
24.09	50	2.94
24.11	50	2.94
24.13	50	2.94
24.14	50	2.94
24.16	50	2.94
24.18	50	2.94
24.19	50	3.00
24.21	50	3.00
24.23	50	3.00
24.24	50	3.06
24.26	50	3.06
24.28	50	3.06
24.29	50	3.06
24.31	50	3.13
24.33	50	3.13
24.34	50	3.13
24.36	50	3.13
24.38	50	3.13
24.39	50	3.13
24.41	50	3.13
24.43	50	3.19
24.44	50	3.13
24.46	50	3.19
24.48	50	3.19
24.49	50	3.19
24.51	0	3.25
24.53	0	3.25
24.54	0	3.19
24.56	0	3.25
24.58	0	3.25
24.59	0	3.31
24.61	0	3.31
24.63	0	3.31
24.64	0	3.31
24.66	0	3.38
24.68	0	3.31
24.69	0	3.38
24.71	0	3.38
24.73	0	3.38
24.74	0	3.38
24.76	0	3.38
24.78	0	3.44
24.79	0	3.44
24.81	0	3.44
24.83	0	3.44
24.84	0	3.44
24.86	0	3.38
24.88	0	3.44
24.89	0	3.44
24.91	0	3.50
24.93	0	3.44
24.94	0	3.44
24.96	0	3.44
24.98	0	3.56
24.99	0	3.50
25.01	0	3.50
25.03	0	3.50
25.04	0	3.50
25.06	0	3.56
25.08	0	3.50
25.09	0	3.56
25.11	0	3.56
25.13	0	3.56
25.14	0	3.56
25.16	0	3.56
25.18	0	3.56
25.19	0	3.56
25.21	0	3.56
25.23	0	3.50
25.24	0	3.56
25.26	0	3.56
25.28	0	3.56
25.29	0	3.56
25.31	0	3.56
25.33	0	3.56
25.34	0	3.56
25.36	0	3.56
25.38	0	3.56
25.39	0	3.56
25.41	0	3.56
25.43	0	3.56
25.44	0	3.56
25.46	0	3.56
25.48	0	3.56
25.49	0	3.56
25.51	0	3.56
25.53	0	3.56
25.54	0	3.56
25.56	0	3.56
25.58	0	3.63
25.59	0	3.56
25.61	0	3.56
25.63	0	3.56
25.64	0	3.56
25.66	0	3.56
25.68	0	3.56
25.69	0	3.56
25.71	0	3.56
25.73	0	3.56
25.74	0	3.63
25.76	0	3.56
25.78	0	3.56
25.79	0	3.56
25.81	0	3.56
25.83	0	3.63
25.84	0	3.56
25.86	0	3.56
25.88	0	3.56
25.89	0	3.56
25.91	0	3.56
25.93	0	3.56
25.94	0	3.56
25.96	0	3.56
25.98	0	3.56
25.99	0	3.56
26.01	0	3.56
26.03	0	3.56
26.04	0	3.56
26.06	0	3.50
26.08	0	3.56
26.09	0	3.50
26.11	0	3.56
26.13	0	3.56
26.14	0	3.50
26.16	0	3.56
26.18	0	3.50
26.19	0	3.56
26.21	0	3.56
26.23	0	3.50
26.24	0	3.56
26.26	0	3.50
26.28	0	3.50
26.29	0	3.50
26.31	0	3.50
26.33	0	3.56
26.34	0	3.56
26.36	0	3.50
26.38	0	3.50
26.39	0	3.50
26.41	0	3.50
26.43	0	3.50
26.44	0	3.50
26.46	0	3.50
26.48	0	3.50
26.49	0	3.50
26.51	0	3.44
26.53	0	3.50
26.54	0	3.44
26.56	0	3.50
26.58	0	3.50
26.59	0	3.44
26.61	0	3.44
26.63	0	3.44
26.64	0	3.44
26.66	0	3.44
26.68	0	3.44
26.69	0	3.44
26.71	0	3.44
26.73	0	3.44
26.74	0	3.38
26.76	0	3.44
26.78	0	3.38
26.79	0	3.38
26.81	0	3.38
26.83	0	3.38
26.84	0	3.44
26.86	0	3.38
26.88	0	3.38
26.89	0	3.38
26.91	0	3.38
26.93	0	3.38
26.94	0	3.38
26.96	0	3.38
26.98	0	3.38
26.99	0	3.31
27.01	0	3.38
27.03	0	3.38
27.04	0	3.31
27.06	0	3.31
27.08	0	3.31
27.09	0	3.31
27.11	0	3.38
27.13	0	3.31
27.14	0	3.31
27.16	0	3.25
27.18	0	3.31
27.19	0	3.31
27.21	0	3.31
27.23	0	3.31
27.24	0	3.31
27.26	0	3.31
27.28	0	3.25
27.29	0	3.31
27.31	0	3.31
27.33	0	3.25
27.34	0	3.25
27.36	0	3.25
27.38	0	3.25
27.39	0	3.25
27.41	0	3.25
27.43	0	3.25
27.44	0	3.25
27.46	0	3.19
27.48	0	3.25
27.49	0	3.25
27.51	0	3.25
27.53	0	3.19
27.54	0	3.25
27.56	0	3.19
27.58	0	3.19
27.59	0	3.19
27.61	0	3.19
27.63	0	3.19
27.64	0	3.19
27.66	0	3.19
27.68	0	3.19
27.69	0	3.19
27.71	0	3.19
27.73	0	3.19
27.74	0	3.19
27.76	0	3.19
27.78	0	3.19
27.79	0	3.19
27.81	0	3.13
27.83	0	3.13
27.84	0	3.19
27.86	0	3.13
27.88	0	3.13
27.89	0	3.06
27.91	0	3.13
27.93	0	3.13
27.94	0	3.06
27.96	0	3.06
27.98	0	3.13
27.99	0	3.13
28.01	0	3.06
28.03	0	3.06
28.04	0	3.06
28.06	0	3.06
28.08	0	3.06
28.09	0	3.06
28.11	0	3.06
28.13	0	3.06
28.14	0	3.00
28.16	0	3.06
28.18	0	3.06
28.19	0	3.00
28.21	0	3.00
28.23	0	3.06
28.24	0	3.00
28.26	0	3.00
28.28	0	3.00
28.29	0	3.00
28.31	0	3.00
28.33	0	3.00
28.34	0	3.00
28.36	0	3.00
28.38	0	3.00
28.39	0	3.00
28.41	0	2.94
28.43	0	2.94
28.44	0	3.00
28.46	0	2.94
28.48	0	3.00
28.49	0	3.00
28.51	0	3.00
28.53	0	2.94
28.54	0	2.94
28.56	0	2.94
28.58	0	2.94
28.59	0	2.94
28.61	0	2.88
28.63	0	2.94
28.64	0	2.88
28.66	0	2.88
28.68	0	2.88
28.69	0	2.88
28.71	0	2.88
28.73	0	2.88
28.74	0	2.88
28.76	0	2.88
28.78	0	2.81
28.79	0	2.88
28.81	0	2.88
28.83	0	2.81
28.84	0	2.81
28.86	0	2.81
28.88	0	2.81
28.89	0	2.81
28.91	0	2.81
28.93	0	2.81
28.94	50	2.75
28.96	50	2.81
28.98	50	2.81
28.99	50	2.75
29.01	50	2.81
29.03	50	2.75
29.04	50	2.75
29.06	50	2.75
29.08	50	2.81
29.09	50	2.75
29.11	50	2.75
29.13	50	2.75
29.14	50	2.75
29.16	50	2.75
29.18	50	2.75
29.19	50	2.75
29.21	50	2.75
29.23	50	2.75
29.24	50	2.75
29.26	50	2.81
29.28	50	2.75
29.29	50	2.75
29.31	50	2.75
29.33	50	2.75
29.34	50	2.75
29.36	50	2.81
29.38	50	2.75
29.39	50	2.75
29.41	50	2.75
29.43	50	2.81
29.44	50	2.75
29.46	50	2.81
29.48	50	2.81
29.49	50	2.81
29.51	50	2.81
29.53	50	2.81
29.54	50	2.88
29.56	50	2.81
29.58	50	2.81
29.59	50	2.81
29.61	50	2.88
29.63	50	2.81
29.64	50	2.88
29.66	50	2.88
29.68	50	2.88
29.69	50	2.94
29.71	50	2.88
29.73	50	2.94
29.74	50	2.94
29.76	50	2.94
29.78	50	2.94
29.79	50	3.00
